Case #1: IMPOSSIBLE
Case #2: IMPOSSIBLE
Case #3: aadebacdbeaacddededbdafbccaeaaccaffcecbabafaddafdeacda
Case #4: afafafafbfcfdfeffbfbfcfdffffffffffffffffffffffffffffffffffffffffffffffffffffffffffffffffffffffffffff
Case #5: IMPOSSIBLE
Case #6: IMPOSSIBLE
Case #7: IMPOSSIBLE
Case #8: IMPOSSIBLE
Case #9: abcd
Case #10: IMPOSSIBLE
Case #11: dfecfcbfabbeaaefdddadfbecadaafadcfbcafbefbabcbfebbfddbfaabfeecdfdbaccadbdbacdebcceaaccdb
Case #12: IMPOSSIBLE
Case #13: aaadfacfefdffdbbefcaccebcccadfeccbbecbbdbecaadfacffaebeacddedcaddbceacdeeffffacdacedcdfbdee
Case #14: ffffffffffffffffffffffffffffffffffffffffffffffffffffffffffffffffffffffffffffffffffffffffffffffffffff
Case #15: IMPOSSIBLE
Case #16: IMPOSSIBLE
Case #17: IMPOSSIBLE
Case #18: IMPOSSIBLE
Case #19: abacac
Case #20: abcd
