Case #1: our language is impossible to understand
Case #2: there are twenty six factorial possibilities
Case #3: so it is okay if you want to just give up
Case #4: xoggk d yl wxo vkkvgo ekso uyl wonw sywy
Case #5: xkf yto akj
Case #6: yabba dabba yabba dabba yabba dabba yabba dabba yabba dabba yabba dabba yabba dabba yabba dooooooooo
Case #7: a b c d e f g h i j k l m n o p q r s t u v y w x y z now i know my abcs
Case #8: next time wont you sing with me
Case #9: friends dont let friends let scientific progress go boink
Case #10: whoooooooooooooooooooaaaaaaaaa i know c plus plus
Case #11: by the pricking of my thumbs something wicked this way comes
Case #12: how are you holding up because im a potato
Case #13: pneumonoultramicroscopicsilicovolcanoconiosis
Case #14: im commander shepard and this is my favorite problem on the google code jam
Case #15: it was the best of times it was the blurst of times
Case #16: let lips do what hands do
Case #17: why do programmers always mix up halloween and christmas
Case #18: all your base are belong to error the spoony bard
Case #19: an eye for an eye and a pigeon for a pigeon
Case #20: this here is gunpowder activated twenty seven caliber full auto no kickback nailthrowing mayhem
Case #21: my name is dug i have just met you and i looove you
Case #22: oh nooooo goggalor is headed for the orphanage
Case #23: oh my god lets make out
Case #24: f of two equals f of one equals one
Case #25: for i between three and n f of i equals f of i minus one plus f of i minus two
Case #26: our code jam is like the pythagorean theorem
Case #27: there is no answer
Case #28: greetings cheese popsicle the number you have dialed is currently out of porkchops
Case #29: buff tryndamere and amumu
Case #30: you know you want to
