Case #1: Anil Lin Phil Ranjeeth Song Torbjorn
Case #2: Anil Doan Duc Fabien Manohar Paul Rajat Yintao
Case #3: Philip Tom Wesley Zhen
Case #4: Anshuman Atol Paul Wai
Case #5: Erling Zejia
Case #6: Atol Bhuwan Bhuwan Lin Nima Vladislav Voja Voja Yingsheng Zainab
Case #7: Aravind Mehdi Weiyan Xiao
Case #8: Andriy David Dmytro Jan John Slawek
Case #9: Doan John
Case #10: Aravind Ekansh
Case #11: Anil Igor Purav Sanjeet
Case #12: Andrei Wesley
Case #13: Bhuwan Duc Fabien Meihong Vlad Wai
Case #14: Fabien Kittipat Liang Paul
Case #15: Aleksandar Aravind Bhuwan Igor
Case #16: Purav Slawek Wai Weiyan
Case #17: Chirag Viswanath
Case #18: Andras Anh Doan Lingjuan Meihong Saransh Torbjorn Vladislav Vladislav Yingsheng
Case #19: Fabien Weiyan
Case #20: Ahmed Anshuman Jan Ranjeeth
